Log file open, 10/02/18 09:29:19
LogWindows: Failed to load 'aqProf.dll' (GetLastError=126)
LogWindows: File 'aqProf.dll' does not exist
LogWindows: Failed to load 'VSPerf140.dll' (GetLastError=126)
LogWindows: File 'VSPerf140.dll' does not exist
LogWindows: Failed to load 'VtuneApi.dll' (GetLastError=126)
LogWindows: File 'VtuneApi.dll' does not exist
LogWindows: Failed to load 'VtuneApi32e.dll' (GetLastError=126)
LogWindows: File 'VtuneApi32e.dll' does not exist
LogInit: Display: Running engine for game: OFCAssign02
LogPlatformFile: Not using cached read wrapper
LogTaskGraph: Started task graph with 5 named threads and 20 total threads with 3 sets of task threads.
LogStats: Stats thread started at 0.235535
LogD3D11RHI: Loaded GFSDK_Aftermath_Lib.x64.dll
LogICUInternationalization: Display: ICU TimeZone Detection - Raw Offset: -7:00, Platform Override: ''
LogPluginManager: Mounting plugin Paper2D
LogPluginManager: Mounting plugin AISupport
LogPluginManager: Mounting plugin LightPropagationVolume
LogPluginManager: Mounting plugin CLionSourceCodeAccess
LogPluginManager: Mounting plugin CodeLiteSourceCodeAccess
LogPluginManager: Mounting plugin GitSourceControl
LogPluginManager: Mounting plugin KDevelopSourceCodeAccess
LogPluginManager: Mounting plugin NullSourceCodeAccess
LogPluginManager: Mounting plugin PerforceSourceControl
LogPluginManager: Mounting plugin SubversionSourceControl
LogPluginManager: Mounting plugin UObjectPlugin
LogPluginManager: Mounting plugin VisualStudioCodeSourceCodeAccess
LogPluginManager: Mounting plugin VisualStudioSourceCodeAccess
LogPluginManager: Mounting plugin XCodeSourceCodeAccess
LogPluginManager: Mounting plugin AssetManagerEditor
LogPluginManager: Mounting plugin CryptoKeys
LogPluginManager: Mounting plugin DataValidation
LogPluginManager: Mounting plugin FacialAnimation
LogPluginManager: Mounting plugin GameplayTagsEditor
LogPluginManager: Mounting plugin MacGraphicsSwitching
LogPluginManager: Mounting plugin MeshEditor
LogPluginManager: Mounting plugin MobileLauncherProfileWizard
LogPluginManager: Mounting plugin PluginBrowser
LogPluginManager: Mounting plugin SpeedTreeImporter
LogPluginManager: Mounting plugin DatasmithContent
LogPluginManager: Mounting plugin AlembicImporter
LogPluginManager: Mounting plugin AppleImageUtils
LogPluginManager: Mounting plugin AppleVision
LogPluginManager: Mounting plugin BackChannel
LogPluginManager: Mounting plugin CharacterAI
LogPluginManager: Mounting plugin GeometryCache
LogPluginManager: Mounting plugin HTML5Networking
LogPluginManager: Mounting plugin ProxyLODPlugin
LogPluginManager: Mounting plugin MagicLeap
LogPluginManager: Mounting plugin MagicLeapEmulator
LogPluginManager: Mounting plugin MagicLeapMedia
LogPluginManager: Mounting plugin AndroidMedia
LogPluginManager: Mounting plugin AvfMedia
LogPluginManager: Mounting plugin ImgMedia
LogPluginManager: Mounting plugin LinearTimecode
LogPluginManager: Mounting plugin MediaCompositing
LogPluginManager: Mounting plugin MediaPlayerEditor
LogPluginManager: Mounting plugin WmfMedia
LogPluginManager: Mounting plugin TcpMessaging
LogPluginManager: Mounting plugin UdpMessaging
LogPluginManager: Mounting plugin ActorSequence
LogPluginManager: Mounting plugin LevelSequenceEditor
LogPluginManager: Mounting plugin MatineeToLevelSequence
LogPluginManager: Mounting plugin NetcodeUnitTest
LogPluginManager: Mounting plugin NUTUnrealEngine4
LogPluginManager: Mounting plugin OnlineSubsystemGooglePlay
LogPluginManager: Mounting plugin OnlineSubsystemIOS
LogPluginManager: Mounting plugin OnlineSubsystem
LogPluginManager: Mounting plugin OnlineSubsystemNull
LogPluginManager: Mounting plugin OnlineSubsystemUtils
LogPluginManager: Mounting plugin LauncherChunkInstaller
LogPluginManager: Mounting plugin AndroidDeviceProfileSelector
LogPluginManager: Mounting plugin AndroidMoviePlayer
LogPluginManager: Mounting plugin AndroidPermission
LogPluginManager: Mounting plugin AppleMoviePlayer
LogPluginManager: Mounting plugin ArchVisCharacter
LogPluginManager: Mounting plugin AudioCapture
LogPluginManager: Mounting plugin CableComponent
LogPluginManager: Mounting plugin CustomMeshComponent
LogPluginManager: Mounting plugin EditableMesh
LogPluginManager: Mounting plugin ExampleDeviceProfileSelector
LogPluginManager: Mounting plugin GoogleCloudMessaging
LogPluginManager: Mounting plugin ImmediatePhysics
LogPluginManager: Mounting plugin IOSDeviceProfileSelector
LogPluginManager: Mounting plugin LinuxDeviceProfileSelector
LogPluginManager: Mounting plugin LocationServicesBPLibrary
LogPluginManager: Mounting plugin MobilePatchingUtils
LogPluginManager: Mounting plugin OculusVR
LogPluginManager: Plugin shader directory ../../../Engine/Plugins/Runtime/Oculus/OculusVR/Shaders found
LogPluginManager: Mapping shader source directory ../../../Engine/Plugins/Runtime/Oculus/OculusVR/Shaders to virtual directory /Plugin/OculusVR
LogPluginManager: Mounting plugin PhysXVehicles
LogPluginManager: Mounting plugin ProceduralMeshComponent
LogPluginManager: Mounting plugin RuntimePhysXCooking
LogPluginManager: Mounting plugin SteamVR
LogPluginManager: Mounting plugin WindowsMoviePlayer
LogStreaming: Display: Took  0.214s to configure plugins.
LogInit: Using libcurl 7.55.1-DEV
LogInit:  - built for x86_64-pc-win32
LogInit:  - supports SSL with OpenSSL/1.0.2h
LogInit:  - supports HTTP deflate (compression) using libz 1.2.8
LogInit:  - other features:
LogInit:      CURL_VERSION_SSL
LogInit:      CURL_VERSION_LIBZ
LogInit:      CURL_VERSION_IPV6
LogInit:      CURL_VERSION_ASYNCHDNS
LogInit:      CURL_VERSION_LARGEFILE
LogInit:      CURL_VERSION_IDN
LogInit:  CurlRequestOptions (configurable via config and command line):
LogInit:  - bVerifyPeer = false  - Libcurl will NOT verify peer certificate
LogInit:  - bUseHttpProxy = false  - Libcurl will NOT use HTTP proxy
LogInit:  - bDontReuseConnections = false  - Libcurl will reuse connections
LogInit:  - CertBundlePath = nullptr  - Libcurl will use whatever was configured at build time.
LogInit:  - MaxHostConnections = 16  - Libcurl will limit the number of connections to a host
LogInit:  - LocalHostAddr = Default
LogInit:  - BufferSize = 65536
LogInit: WinSock: version 1.1 (2.2), MaxSocks=32767, MaxUdp=65467
LogInit: Build: ++UE4+Release-4.20-CL-4369336
LogInit: Engine Version: 4.20.3-4369336+++UE4+Release-4.20
LogInit: Compatible Engine Version: 4.20.0-4212847+++UE4+Release-4.20
LogInit: Net CL: 4212847
LogInit: OS: Windows 10 (), CPU: Intel(R) Core(TM) i5-8600K CPU @ 3.60GHz, GPU: NVIDIA GeForce GTX 1070
LogInit: Compiled (64-bit): Sep 17 2018 12:26:19
LogInit: Compiled with Visual C++: 19.13.26129.00
LogInit: Build Configuration: Development
LogInit: Branch Name: ++UE4+Release-4.20
LogInit: Command Line:  
LogInit: Base Directory: C:/Program Files/Epic Games/UE_4.20/Engine/Binaries/Win64/
LogInit: Installed Engine Build: 1
LogDevObjectVersion: Number of dev versions registered: 20
LogDevObjectVersion:   Dev-Blueprints (B0D832E4-1F89-4F0D-ACCF-7EB736FD4AA2): 10
LogDevObjectVersion:   Dev-Build (E1C64328-A22C-4D53-A36C-8E866417BD8C): 0
LogDevObjectVersion:   Dev-Core (375EC13C-06E4-48FB-B500-84F0262A717E): 2
LogDevObjectVersion:   Dev-Editor (E4B068ED-F494-42E9-A231-DA0B2E46BB41): 24
LogDevObjectVersion:   Dev-Framework (CFFC743F-43B0-4480-9391-14DF171D2073): 34
LogDevObjectVersion:   Dev-Mobile (B02B49B5-BB20-44E9-A304-32B752E40360): 2
LogDevObjectVersion:   Dev-Networking (A4E4105C-59A1-49B5-A7C5-40C4547EDFEE): 0
LogDevObjectVersion:   Dev-Online (39C831C9-5AE6-47DC-9A44-9C173E1C8E7C): 0
LogDevObjectVersion:   Dev-Physics (78F01B33-EBEA-4F98-B9B4-84EACCB95AA2): 0
LogDevObjectVersion:   Dev-Platform (6631380F-2D4D-43E0-8009-CF276956A95A): 0
LogDevObjectVersion:   Dev-Rendering (12F88B9F-8875-4AFC-A67C-D90C383ABD29): 26
LogDevObjectVersion:   Dev-Sequencer (7B5AE74C-D270-4C10-A958-57980B212A5A): 9
LogDevObjectVersion:   Dev-VR (D7296918-1DD6-4BDD-9DE2-64A83CC13884): 2
LogDevObjectVersion:   Dev-LoadTimes (C2A15278-BFE7-4AFE-6C17-90FF531DF755): 1
LogDevObjectVersion:   Private-Geometry (6EACA3D4-40EC-4CC1-B786-8BED09428FC5): 3
LogDevObjectVersion:   Dev-AnimPhys (29E575DD-E0A3-4627-9D10-D276232CDCEA): 17
LogDevObjectVersion:   Dev-ReflectionCapture (6B266CEC-1EC7-4B8F-A30B-E4D90942FC07): 1
LogDevObjectVersion:   Dev-Automation (0DF73D61-A23F-47EA-B727-89E90C41499A): 1
LogDevObjectVersion:   FortniteMain (601D1886-AC64-4F84-AA16-D3DE0DEAC7D6): 12
LogDevObjectVersion:   Dev-Enterprise (9DFFBCD6-494F-0158-E221-12823C92A888): 1
LogStreaming: Display: Took  0.001s to delete old logs.
LogInit: Presizing for max 8388607 objects, including 0 objects not considered by GC, pre-allocating 0 bytes for permanent pool.
LogInit: Object subsystem initialized
[2018.10.02-15.29.19:741][  0]LogInit: Selected Device Profile: [Windows]
[2018.10.02-15.29.19:741][  0]LogInit: Applying CVar settings loaded from the selected device profile: [Windows]
[2018.10.02-15.29.19:750][  0]LogHAL: Display: Platform has ~ 16 GB [17110630400 / 17179869184 / 16], which maps to Larger [LargestMinGB=32, LargerMinGB=12, DefaultMinGB=8, SmallerMinGB=6, SmallestMinGB=0)
[2018.10.02-15.29.19:750][  0]LogInit: Setting Device Profile CVar: [[r.Vulkan.UseRealUBs:1]]
[2018.10.02-15.29.19:750][  0]LogInit: Going up to parent DeviceProfile []
[2018.10.02-15.29.19:750][  0]LogInit: Computer: DESKTOP-2B
[2018.10.02-15.29.19:750][  0]LogInit: User: Richard
[2018.10.02-15.29.19:750][  0]LogInit: CPU Page size=4096, Cores=6
[2018.10.02-15.29.19:750][  0]LogInit: High frequency timer resolution =3.515626 MHz
[2018.10.02-15.29.19:750][  0]LogMemory: Memory total: Physical=15.9GB (16GB approx)
[2018.10.02-15.29.19:750][  0]LogMemory: Platform Memory Stats for Windows
[2018.10.02-15.29.19:750][  0]LogMemory: Process Physical Memory: 100.27 MB used, 100.27 MB peak
[2018.10.02-15.29.19:750][  0]LogMemory: Process Virtual Memory: 84.79 MB used, 84.79 MB peak
[2018.10.02-15.29.19:750][  0]LogMemory: Physical Memory: 3148.63 MB used,  13169.34 MB free, 16317.97 MB total
[2018.10.02-15.29.19:750][  0]LogMemory: Virtual Memory: 4615.73 MB used,  13169.34 MB free, 134217728.00 MB total
[2018.10.02-15.29.19:773][  0]LogInit: Using OS detected language (en-US).
[2018.10.02-15.29.19:773][  0]LogInit: Using OS detected locale (en-US).
[2018.10.02-15.29.19:774][  0]LogTextLocalizationManager: No specific localization for 'en-US' exists, so the 'en' localization will be used.
[2018.10.02-15.29.20:049][  0]LogStreaming: Display: Took  0.277s to InitEngineTextLocalization.
[2018.10.02-15.29.20:049][  0]LogInit: Setting process to per monitor DPI aware
[2018.10.02-15.29.20:075][  0]LogSlate: New Slate User Created.  User Index 0, Is Virtual User: 0
[2018.10.02-15.29.20:075][  0]LogSlate: Slate User Registered.  User Index 0, Is Virtual User: 0
[2018.10.02-15.29.20:255][  0]LogHMD: Failed to initialize OpenVR with code 110
[2018.10.02-15.29.20:255][  0]LogD3D11RHI: D3D11 adapters:
[2018.10.02-15.29.20:308][  0]LogD3D11RHI:    0. 'NVIDIA GeForce GTX 1070' (Feature Level 11_0)
[2018.10.02-15.29.20:308][  0]LogD3D11RHI:       8088/0/8158 MB DedicatedVideo/DedicatedSystem/SharedSystem, Outputs:1, VendorId:0x10de
[2018.10.02-15.29.20:310][  0]LogD3D11RHI:    1. 'Microsoft Basic Render Driver' (Feature Level 11_0)
[2018.10.02-15.29.20:310][  0]LogD3D11RHI:       0/0/8158 MB DedicatedVideo/DedicatedSystem/SharedSystem, Outputs:0, VendorId:0x1414
[2018.10.02-15.29.20:310][  0]LogD3D11RHI: Chosen D3D11 Adapter: 0
[2018.10.02-15.29.20:314][  0]LogD3D11RHI: Creating new Direct3DDevice
[2018.10.02-15.29.20:314][  0]LogD3D11RHI:     GPU DeviceId: 0x1b81 (for the marketing name, search the web for "GPU Device Id")
[2018.10.02-15.29.20:314][  0]LogWindows: EnumDisplayDevices:
[2018.10.02-15.29.20:314][  0]LogWindows:    0. 'NVIDIA GeForce GTX 1070' (P:1 D:1)
[2018.10.02-15.29.20:315][  0]LogWindows:    1. 'NVIDIA GeForce GTX 1070' (P:0 D:0)
[2018.10.02-15.29.20:315][  0]LogWindows:    2. 'NVIDIA GeForce GTX 1070' (P:0 D:0)
[2018.10.02-15.29.20:315][  0]LogWindows:    3. 'NVIDIA GeForce GTX 1070' (P:0 D:0)
[2018.10.02-15.29.20:315][  0]LogWindows: DebugString: FoundDriverCount:4 
[2018.10.02-15.29.20:315][  0]LogD3D11RHI:     Adapter Name: NVIDIA GeForce GTX 1070
[2018.10.02-15.29.20:315][  0]LogD3D11RHI:   Driver Version: 411.70 (internal:24.21.14.1170, unified:411.70)
[2018.10.02-15.29.20:315][  0]LogD3D11RHI:      Driver Date: 9-25-2018
[2018.10.02-15.29.20:315][  0]LogRHI: Texture pool is 5661 MB (70% of 8088 MB)
[2018.10.02-15.29.20:347][  0]LogD3D11RHI: Async texture creation enabled
[2018.10.02-15.29.20:363][  0]LogD3D11RHI: GPU Timing Frequency: 1000.000000 (Debug: 2 2)
[2018.10.02-15.29.20:420][  0]LogShaderCompilers: Guid format shader working directory is -21 characters bigger than the processId version (../../../../../../Users/Richard/Documents/Unreal Projects/OFCAssign02/Intermediate/Shaders/WorkingDirectory/7492/).
[2018.10.02-15.29.20:421][  0]LogShaderCompilers: Cleaned the shader compiler working directory 'C:/Users/Richard/AppData/Local/Temp/UnrealShaderWorkingDir/9A4AE9FB48F26FF07974A68A3C96130F/'.
[2018.10.02-15.29.20:677][  0]LogTemp: Display: Loaded TP AllDesktopTargetPlatform
[2018.10.02-15.29.20:691][  0]LogTemp: Display: Loaded TP MacClientTargetPlatform
[2018.10.02-15.29.20:701][  0]LogTemp: Display: Loaded TP MacNoEditorTargetPlatform
[2018.10.02-15.29.20:711][  0]LogTemp: Display: Loaded TP MacServerTargetPlatform
[2018.10.02-15.29.20:721][  0]LogTemp: Display: Loaded TP MacTargetPlatform
[2018.10.02-15.29.20:731][  0]LogTemp: Display: Loaded TP WindowsClientTargetPlatform
[2018.10.02-15.29.20:742][  0]LogTemp: Display: Loaded TP WindowsNoEditorTargetPlatform
[2018.10.02-15.29.20:752][  0]LogTemp: Display: Loaded TP WindowsServerTargetPlatform
[2018.10.02-15.29.20:757][  0]LogTemp: Display: Loaded TP WindowsTargetPlatform
[2018.10.02-15.29.20:818][  0]LogTemp: Display: Loaded TP AndroidTargetPlatform
[2018.10.02-15.29.20:818][  0]LogTemp: Display: Loaded TP AndroidTargetPlatform
[2018.10.02-15.29.20:818][  0]LogTemp: Display: Loaded TP AndroidTargetPlatform
[2018.10.02-15.29.20:818][  0]LogTemp: Display: Loaded TP AndroidTargetPlatform
[2018.10.02-15.29.20:818][  0]LogTemp: Display: Loaded TP AndroidTargetPlatform
[2018.10.02-15.29.20:818][  0]LogTemp: Display: Loaded TP AndroidTargetPlatform
[2018.10.02-15.29.20:818][  0]LogTemp: Display: Loaded TP AndroidTargetPlatform
[2018.10.02-15.29.20:818][  0]LogTemp: Display: Loaded TP AndroidTargetPlatform
[2018.10.02-15.29.20:818][  0]LogTemp: Display: Loaded TP AndroidTargetPlatform
[2018.10.02-15.29.20:818][  0]LogTemp: Display: Loaded TP AndroidTargetPlatform
[2018.10.02-15.29.20:818][  0]LogTemp: Display: Loaded TP AndroidTargetPlatform
[2018.10.02-15.29.20:818][  0]LogTemp: Display: Loaded TP AndroidTargetPlatform
[2018.10.02-15.29.20:818][  0]LogTemp: Display: Loaded TP AndroidTargetPlatform
[2018.10.02-15.29.20:818][  0]LogTemp: Display: Loaded TP AndroidTargetPlatform
[2018.10.02-15.29.20:818][  0]LogTemp: Display: Loaded TP AndroidTargetPlatform
[2018.10.02-15.29.20:818][  0]LogTemp: Display: Loaded TP AndroidTargetPlatform
[2018.10.02-15.29.20:818][  0]LogTemp: Display: Loaded TP AndroidTargetPlatform
[2018.10.02-15.29.20:818][  0]LogTemp: Display: Loaded TP AndroidTargetPlatform
[2018.10.02-15.29.20:820][  0]LogTemp: Display: Loaded TP HTML5TargetPlatform
[2018.10.02-15.29.20:892][  0]LogTemp: Display: Loaded TP IOSTargetPlatform
[2018.10.02-15.29.20:892][  0]LogTemp: Display: Loaded TP IOSTargetPlatform
[2018.10.02-15.29.20:911][  0]LogTemp: Display: Loaded TP TVOSTargetPlatform
[2018.10.02-15.29.20:911][  0]LogTemp: Display: Loaded TP TVOSTargetPlatform
[2018.10.02-15.29.20:922][  0]LogTemp: Display: Loaded TP LinuxClientTargetPlatform
[2018.10.02-15.29.20:932][  0]LogTemp: Display: Loaded TP LinuxNoEditorTargetPlatform
[2018.10.02-15.29.20:942][  0]LogTemp: Display: Loaded TP LinuxServerTargetPlatform
[2018.10.02-15.29.20:953][  0]LogTemp: Display: Loaded TP LinuxTargetPlatform
[2018.10.02-15.29.20:960][  0]LogTemp: Display: Loaded TP LuminTargetPlatform
[2018.10.02-15.29.20:960][  0]LogTargetPlatformManager: Display: Building Assets For Windows
[2018.10.02-15.29.21:011][  0]LogXGEController: Cleaning working directory: C:/Users/Richard/AppData/Local/Temp/UnrealXGEWorkingDir/
[2018.10.02-15.29.21:012][  0]LogXGEController: Cannot use XGE Controller as Incredibuild is not installed on this machine.
[2018.10.02-15.29.21:012][  0]LogShaderCompilers: Cannot use XGE Shader Compiler as Incredibuild is not installed on this machine.
[2018.10.02-15.29.21:012][  0]LogShaderCompilers: Display: Using Local Shader Compiler.
[2018.10.02-15.29.21:602][  0]LogDerivedDataCache: Display: Max Cache Size: 512 MB
[2018.10.02-15.29.21:644][  0]LogDerivedDataCache: Loaded boot cache 0.04s 71MB C:/Users/Richard/AppData/Local/UnrealEngine/4.20/DerivedDataCache/Boot.ddc.
[2018.10.02-15.29.21:645][  0]LogDerivedDataCache: Display: Loaded Boot cache: C:/Users/Richard/AppData/Local/UnrealEngine/4.20/DerivedDataCache/Boot.ddc
[2018.10.02-15.29.21:645][  0]LogDerivedDataCache: FDerivedDataBackendGraph:  Pak pak cache file ../../../../../../Users/Richard/Documents/Unreal Projects/OFCAssign02/DerivedDataCache/DDC.ddp not found, will not use a pak cache.
[2018.10.02-15.29.21:645][  0]LogDerivedDataCache: Unable to find inner node Pak for hierarchical cache Hierarchy.
[2018.10.02-15.29.21:645][  0]LogDerivedDataCache: FDerivedDataBackendGraph:  CompressedPak pak cache file ../../../../../../Users/Richard/Documents/Unreal Projects/OFCAssign02/DerivedDataCache/Compressed.ddp not found, will not use a pak cache.
[2018.10.02-15.29.21:645][  0]LogDerivedDataCache: Unable to find inner node CompressedPak for hierarchical cache Hierarchy.
[2018.10.02-15.29.21:655][  0]LogDerivedDataCache: Display: Pak cache opened for reading ../../../Engine/DerivedDataCache/Compressed.ddp.
[2018.10.02-15.29.21:668][  0]LogDerivedDataCache: Using Local data cache path C:/Users/Richard/AppData/Local/UnrealEngine/Common/DerivedDataCache: Writable
[2018.10.02-15.29.21:668][  0]LogDerivedDataCache: Shared data cache path not found in *engine.ini, will not use an Shared cache.
[2018.10.02-15.29.21:668][  0]LogDerivedDataCache: Unable to find inner node Shared for hierarchical cache Hierarchy.
[2018.10.02-15.29.21:681][  0]LogMaterial: Verifying Global Shaders for PCD3D_SM5
[2018.10.02-15.29.21:683][  0]LogSlate: Using FreeType 2.6.0
[2018.10.02-15.29.21:683][  0]LogSlate: SlateFontServices - WITH_FREETYPE: 1, WITH_HARFBUZZ: 1
[2018.10.02-15.29.21:754][  0]LogAssetRegistry: FAssetRegistry took 0.0248 seconds to start up
[2018.10.02-15.29.21:994][  0]LogInit: Selected Device Profile: [Windows]
[2018.10.02-15.29.22:095][  0]LogSimplygon: Simplygon DLL not present - disabling.
[2018.10.02-15.29.22:099][  0]LogMeshReduction: Using SimplygonSwarm for distributed automatic mesh merging
[2018.10.02-15.29.22:099][  0]LogMeshReduction: Using ProxyLODMeshReduction for automatic mesh merging
[2018.10.02-15.29.22:099][  0]LogMeshReduction: Using QuadricMeshReduction for automatic static mesh reduction
[2018.10.02-15.29.22:099][  0]LogMeshReduction: No automatic skeletal mesh reduction module available
[2018.10.02-15.29.22:113][  0]LogNetVersion: OFCAssign02 1.0.0, NetCL: 4212847, EngineNetVer: 5, GameNetVer: 0 (Checksum: 3175818237)
[2018.10.02-15.29.22:561][  0]LogPackageLocalizationCache: Processed 11 localized package path(s) for 2 prioritized culture(s) in 0.122349 seconds
[2018.10.02-15.29.22:566][  0]LogUObjectArray: 38425 objects as part of root set at end of initial load.
[2018.10.02-15.29.22:566][  0]LogUObjectAllocator: 6690864 out of 0 bytes used by permanent object pool.
[2018.10.02-15.29.22:566][  0]LogUObjectArray: CloseDisregardForGC: 0/0 objects in disregard for GC pool
[2018.10.02-15.29.23:322][  0]LogTcpMessaging: Initializing TcpMessaging bridge
[2018.10.02-15.29.23:337][  0]LogUdpMessaging: Initializing bridge on interface 0.0.0.0:0 to multicast group 230.0.0.1:6666.
[2018.10.02-15.29.23:506][  0]SourceControl: Source control is disabled
[2018.10.02-15.29.23:506][  0]SourceControl: Source control is disabled
[2018.10.02-15.29.23:507][  0]SourceControl: Source control is disabled
[2018.10.02-15.29.23:508][  0]SourceControl: Source control is disabled
[2018.10.02-15.29.23:681][  0]LogAndroidPermission: UAndroidPermissionCallbackProxy::GetInstance
[2018.10.02-15.29.23:730][  0]LogOcInput: OculusInput pre-init called
[2018.10.02-15.29.23:778][  0]LogEngine: Initializing Engine...
[2018.10.02-15.29.23:779][  0]LogHMD: Failed to initialize OpenVR with code 110
[2018.10.02-15.29.23:780][  0]LogStats: UGameplayTagsManager::ConstructGameplayTagTree: ImportINI prefixes -  0.000 s
[2018.10.02-15.29.23:780][  0]LogStats: UGameplayTagsManager::ConstructGameplayTagTree: Construct from data asset -  0.000 s
[2018.10.02-15.29.23:780][  0]LogStats: UGameplayTagsManager::ConstructGameplayTagTree: ImportINI -  0.000 s
[2018.10.02-15.29.23:780][  0]LogStats: UGameplayTagsManager::ConstructGameplayTagTree: GameplayTagTreeChangedEvent.Broadcast -  0.000 s
[2018.10.02-15.29.23:938][  0]LogInit: Initializing FReadOnlyCVARCache
[2018.10.02-15.29.23:949][  0]LogAIModule: Creating AISystem for world Untitled
[2018.10.02-15.29.23:957][  0]LogInit: XAudio2 using 'Speakers (Realtek High Definition Audio)' : 2 channels at 48 kHz using 32 bits per sample (channel mask 0x3)
[2018.10.02-15.29.23:998][  0]LogInit: FAudioDevice initialized.
[2018.10.02-15.29.23:998][  0]LogNetVersion: Set ProjectVersion to 1.0.0.0. Version Checksum will be recalculated on next use.
[2018.10.02-15.29.24:069][  0]LogDerivedDataCache: Saved boot cache 0.07s 71MB C:/Users/Richard/AppData/Local/UnrealEngine/4.20/DerivedDataCache/Boot.ddc.
[2018.10.02-15.29.24:077][  0]LogInit: Texture streaming: Enabled
[2018.10.02-15.29.24:092][  0]LogEngineSessionManager: EngineSessionManager initialized
[2018.10.02-15.29.24:102][  0]LogInit: Transaction tracking system initialized
[2018.10.02-15.29.24:120][  0]BlueprintLog: New page: Editor Load
[2018.10.02-15.29.24:183][  0]LocalizationService: Localization service is disabled
[2018.10.02-15.29.24:426][  0]LogCook: Display: Max memory allowance for cook 16384mb min free memory 0mb
[2018.10.02-15.29.24:426][  0]LogCook: Display: Mobile HDR setting 1
[2018.10.02-15.29.24:426][  0]LogGameplayTags: Display: UGameplayTagsManager::DoneAddingNativeTags. DelegateIsBound: 0
[2018.10.02-15.29.24:426][  0]LogStats: UGameplayTagsManager::ConstructGameplayTagTree: ImportINI prefixes -  0.000 s
[2018.10.02-15.29.24:426][  0]LogStats: UGameplayTagsManager::ConstructGameplayTagTree: Construct from data asset -  0.000 s
[2018.10.02-15.29.24:426][  0]LogStats: UGameplayTagsManager::ConstructGameplayTagTree: ImportINI -  0.000 s
[2018.10.02-15.29.24:426][  0]LogStats: UGameplayTagsManager::ConstructGameplayTagTree: GameplayTagTreeChangedEvent.Broadcast -  0.000 s
[2018.10.02-15.29.24:526][  0]LogFileCache: Scanning file cache for directory 'C:/Users/Richard/Documents/Unreal Projects/OFCAssign02/Content/' took 0.01s
[2018.10.02-15.29.24:526][  0]SourceControl: Source control is disabled
[2018.10.02-15.29.24:527][  0]Cmd: MAP LOAD FILE="../../../Engine/Content/Maps/Templates/Template_Default.umap" TEMPLATE=1 SHOWPROGRESS=1 FEATURELEVEL=3
[2018.10.02-15.29.24:527][  0]LightingResults: New page: Lighting Build
[2018.10.02-15.29.24:529][  0]MapCheck: New page: Map Check
[2018.10.02-15.29.24:529][  0]LightingResults: New page: Lighting Build
[2018.10.02-15.29.24:688][  0]LogAIModule: Creating AISystem for world Untitled_1
[2018.10.02-15.29.24:693][  0]LogEditorServer: Finished looking for orphan Actors (0.000 secs)
[2018.10.02-15.29.24:712][  0]Cmd: MAP CHECKDEP NOCLEARLOG
[2018.10.02-15.29.24:796][  0]MapCheck: Map check complete: 0 Error(s), 0 Warning(s), took 84.395ms to complete.
[2018.10.02-15.29.24:796][  0]LogFileHelpers: Loading map 'Template_Default' took 0.270
[2018.10.02-15.29.24:886][  0]LogSlate: Updating window title bar state: overlay mode, drag disabled, window buttons hidden, title bar hidden
[2018.10.02-15.29.24:892][  0]LogSlate: Updating window title bar state: overlay mode, drag disabled, window buttons hidden, title bar hidden
[2018.10.02-15.29.24:897][  0]LogSlate: Updating window title bar state: overlay mode, drag disabled, window buttons hidden, title bar hidden
[2018.10.02-15.29.24:902][  0]LogSlate: Updating window title bar state: overlay mode, drag disabled, window buttons hidden, title bar hidden
[2018.10.02-15.29.24:908][  0]LogCollectionManager: Loaded 0 collections in 0.001260 seconds
[2018.10.02-15.29.24:950][  0]LogFileCache: Scanning file cache for directory 'C:/Users/Richard/Documents/Unreal Projects/OFCAssign02/Saved/Collections/' took 0.01s
[2018.10.02-15.29.24:950][  0]LogFileCache: Scanning file cache for directory 'C:/Users/Richard/Documents/Unreal Projects/OFCAssign02/Content/Developers/Richard/Collections/' took 0.01s
[2018.10.02-15.29.24:950][  0]LogFileCache: Scanning file cache for directory 'C:/Users/Richard/Documents/Unreal Projects/OFCAssign02/Content/Collections/' took 0.01s
[2018.10.02-15.29.24:950][  0]LogCollectionManager: Rebuilt the GUID cache for 0 collections in 0.000000 seconds
[2018.10.02-15.29.24:957][  0]LogContentBrowser: Native class hierarchy populated in 0.0068 seconds. Added 2572 classes and 603 folders.
[2018.10.02-15.29.24:962][  0]LogContentBrowser: Native class hierarchy updated for 'WidgetCarousel' in 0.0002 seconds. Added 0 classes and 0 folders.
[2018.10.02-15.29.25:019][  0]LogContentBrowser: Native class hierarchy updated for 'AddContentDialog' in 0.0002 seconds. Added 0 classes and 0 folders.
[2018.10.02-15.29.25:023][  0]LogContentBrowser: Native class hierarchy updated for 'SceneOutliner' in 0.0002 seconds. Added 1 classes and 2 folders.
[2018.10.02-15.29.25:034][  0]LogSlate: Took 0.000486 seconds to synchronously load lazily loaded font '../../../Engine/Content/Slate/Fonts/Roboto-Regular.ttf' (155K)
[2018.10.02-15.29.25:035][  0]LogSlate: Took 0.000186 seconds to synchronously load lazily loaded font '../../../Engine/Content/Slate/Fonts/Roboto-Bold.ttf' (160K)
[2018.10.02-15.29.25:039][  0]LogSlate: Took 0.000249 seconds to synchronously load lazily loaded font '../../../Engine/Content/Editor/Slate/Fonts/FontAwesome.ttf' (139K)
[2018.10.02-15.29.25:098][  0]LogRenderer: Reallocating scene render targets to support 1208x576 Format 10 NumSamples 1 (Frame:1).
[2018.10.02-15.29.25:179][  0]LogContentBrowser: Native class hierarchy updated for 'HierarchicalLODOutliner' in 0.0002 seconds. Added 0 classes and 0 folders.
[2018.10.02-15.29.25:179][  0]LogLoad: (Engine Initialization) Total time: 7.31 seconds
[2018.10.02-15.29.25:179][  0]LogLoad: (Engine Initialization) Total Blueprint compile time: 0.00 seconds
[2018.10.02-15.29.25:189][  0]LogWindowsTextInputMethodSystem: Display: IME system now deactivated.
[2018.10.02-15.29.25:205][  0]LogAssetRegistry: Asset discovery search completed in 3.4724 seconds
[2018.10.02-15.29.25:206][  0]LogCollectionManager: Rebuilt the object cache for 0 collections in 0.000000 seconds (found 0 objects)
[2018.10.02-15.29.25:206][  0]LogCollectionManager: Fixed up redirectors for 0 collections in 0.000034 seconds (updated 0 objects)
[2018.10.02-15.29.25:207][  0]LogContentStreaming: Texture pool size now 1000 MB
[2018.10.02-15.29.25:246][  0]LogSlate: Took 0.000226 seconds to synchronously load lazily loaded font '../../../Engine/Content/Slate/Fonts/Roboto-Light.ttf' (167K)
[2018.10.02-15.29.27:895][315]LogSlate: FSceneViewport::OnFocusLost() reason 0
[2018.10.02-15.29.34:595][115]LogSlate: Took 0.000376 seconds to synchronously load lazily loaded font '../../../Engine/Content/Slate/Fonts/Roboto-Light.ttf' (167K)
[2018.10.02-15.29.34:603][115]LogAssetEditorManager: Opening Asset editor for MapBuildDataRegistry /Game/OFCAssign002_Richard_Tendean_BuiltData.OFCAssign002_Richard_Tendean_BuiltData
[2018.10.02-15.29.39:029][642]LogSlate: Window 'OFCAssign002_Richard_Tendean_BuiltData - Generic Asset Editor' being destroyed
[2018.10.02-15.29.39:032][642]LogSlate: Window 'OFCAssign002_Richard_Tendean_BuiltData - Generic Asset Editor' being destroyed
[2018.10.02-15.29.39:543][703]LogEditorViewport: Clicking on Actor (LMB): StaticMeshActor (Floor)
[2018.10.02-15.29.40:613][826]Cmd: DELETE
[2018.10.02-15.29.40:613][826]Cmd: ACTOR DELETE
[2018.10.02-15.29.40:614][826]LogEditorActor: Deleted Actor: StaticMeshActor
[2018.10.02-15.29.40:633][826]LogEditorActor: Deleted 1 Actors (0.020 secs)
[2018.10.02-15.29.42:672][ 71]LogSlate: FSceneViewport::OnFocusLost() reason 0
[2018.10.02-15.29.42:873][ 88]LogAIModule: Creating AISystem for world OFCAssign002_Richard_Tendean
[2018.10.02-15.29.42:880][ 88]LogAssetEditorManager: Opening Asset editor for World /Game/OFCAssign002_Richard_Tendean.OFCAssign002_Richard_Tendean
[2018.10.02-15.29.46:734][ 88]LogSlate: Window 'Save Content' being destroyed
[2018.10.02-15.29.46:738][ 88]Cmd: MAP LOAD FILE="../../../../../../Users/Richard/Documents/Unreal Projects/OFCAssign02/Content/OFCAssign002_Richard_Tendean.umap" TEMPLATE=0 SHOWPROGRESS=1 FEATURELEVEL=3
[2018.10.02-15.29.46:739][ 88]LightingResults: New page: Lighting Build
[2018.10.02-15.29.46:739][ 88]LoadErrors: New page: Loading map: OFCAssign002_Richard_Tendean.umap
[2018.10.02-15.29.46:739][ 88]MapCheck: New page: Map Check
[2018.10.02-15.29.46:739][ 88]LightingResults: New page: Lighting Build
[2018.10.02-15.29.46:760][ 88]LogEditorServer: Finished looking for orphan Actors (0.000 secs)
[2018.10.02-15.29.46:790][ 88]Cmd: MAP CHECKDEP NOCLEARLOG
[2018.10.02-15.29.46:876][ 88]MapCheck: Map check complete: 0 Error(s), 0 Warning(s), took 86.053ms to complete.
[2018.10.02-15.29.46:876][ 88]LogFileHelpers: Loading map 'OFCAssign002_Richard_Tendean' took 0.139
[2018.10.02-15.30.04:904][557]LogSlate: Window 'Delete Assets' being destroyed
[2018.10.02-15.30.13:393][573]LogSlate: FSceneViewport::OnFocusLost() reason 0
[2018.10.02-15.30.13:719][610]Cmd: CAMERA ALIGN ACTIVEVIEWPORTONLY
[2018.10.02-15.30.19:217][269]LogEditorActor: Deleted Actor: StaticMeshActor
[2018.10.02-15.30.19:235][269]LogEditorActor: Deleted 1 Actors (0.022 secs)
[2018.10.02-15.30.20:926][472]Cmd: TRANSACTION UNDO
[2018.10.02-15.30.20:926][472]LogEditorTransaction: Undo Delete selection
[2018.10.02-15.30.24:524][788]LogSlate: Window 'Delete Assets' being destroyed
[2018.10.02-15.30.30:809][444]LogAssetEditorManager: Opening Asset editor for World /Game/OFCAssign002_Richard_Tendean.OFCAssign002_Richard_Tendean
[2018.10.02-15.30.33:495][444]LogSlate: Window 'Save Content' being destroyed
[2018.10.02-15.30.33:625][444]LogSavePackage: Moving '../../../../../../Users/Richard/Documents/Unreal Projects/OFCAssign02/Saved/OFCAssign002_Richard_TendeanB4774CDD41F921674F2E6CADAD9D592B.tmp' to '../../../../../../Users/Richard/Documents/Unreal Projects/OFCAssign02/Content/OFCAssign002_Richard_Tendean.umap'
[2018.10.02-15.30.33:644][444]LogFileHelpers: Saving map 'OFCAssign002_Richard_Tendean' took 0.144
[2018.10.02-15.30.33:646][444]Cmd: MAP LOAD FILE="../../../../../../Users/Richard/Documents/Unreal Projects/OFCAssign02/Content/OFCAssign002_Richard_Tendean.umap" TEMPLATE=0 SHOWPROGRESS=1 FEATURELEVEL=3
[2018.10.02-15.30.33:646][444]LightingResults: New page: Lighting Build
[2018.10.02-15.30.33:646][444]LoadErrors: New page: Loading map: OFCAssign002_Richard_Tendean.umap
[2018.10.02-15.30.33:647][444]MapCheck: New page: Map Check
[2018.10.02-15.30.33:647][444]LightingResults: New page: Lighting Build
[2018.10.02-15.30.33:715][444]LogAIModule: Creating AISystem for world OFCAssign002_Richard_Tendean
[2018.10.02-15.30.33:717][444]LogEditorServer: Finished looking for orphan Actors (0.000 secs)
[2018.10.02-15.30.33:752][444]Cmd: MAP CHECKDEP NOCLEARLOG
[2018.10.02-15.30.33:838][444]MapCheck: Map check complete: 0 Error(s), 0 Warning(s), took 85.922ms to complete.
[2018.10.02-15.30.33:839][444]LogFileHelpers: Loading map 'OFCAssign002_Richard_Tendean' took 0.194
[2018.10.02-15.30.44:137][668]LogEditorViewport: Clicking on Actor (LMB): StaticMeshActor (CenterStreetBlockTest004)
[2018.10.02-15.30.48:426][174]LogSlate: FSceneViewport::OnFocusLost() reason 2
[2018.10.02-15.30.50:673][442]LogSlate: FSceneViewport::OnFocusLost() reason 0
[2018.10.02-15.30.50:797][451]LogSavePackage: Moving '../../../../../../Users/Richard/Documents/Unreal Projects/OFCAssign02/Saved/OFCAssign002_Richard_Tendean1964D6B74D7850D94C9A77A302E3FC5D.tmp' to '../../../../../../Users/Richard/Documents/Unreal Projects/OFCAssign02/Content/OFCAssign002_Richard_Tendean.umap'
[2018.10.02-15.30.52:390][640]LogSlate: FSceneViewport::OnFocusLost() reason 0
[2018.10.02-15.30.52:538][652]LogSlate: Window 'OFCAssign02 - Unreal Editor' being destroyed
[2018.10.02-15.30.52:539][652]LogWindowsTextInputMethodSystem: Display: IME system now deactivated.
[2018.10.02-15.30.52:696][653]Cmd: QUIT_EDITOR
[2018.10.02-15.30.52:731][653]LogExit: Preparing to exit.
[2018.10.02-15.30.53:391][653]LogExit: Editor shut down
[2018.10.02-15.30.53:391][653]LogExit: Transaction tracking system shut down
[2018.10.02-15.30.54:037][653]LogExit: Object subsystem successfully closed.
[2018.10.02-15.30.54:060][653]LogShaderCompilers: Display: Shaders left to compile 0
[2018.10.02-15.30.54:062][653]LogD3D11RHI: Shutdown
[2018.10.02-15.30.54:062][653]LogD3D11RHI: CleanupD3DDevice
[2018.10.02-15.30.54:064][653]LogD3D11RHI: ~FD3D11DynamicRHI
[2018.10.02-15.30.54:096][653]LogModuleManager: Shutting down and abandoning module HierarchicalLODOutliner (612)
[2018.10.02-15.30.54:096][653]LogModuleManager: Shutting down and abandoning module SceneOutliner (610)
[2018.10.02-15.30.54:096][653]LogModuleManager: Shutting down and abandoning module AddContentDialog (608)
[2018.10.02-15.30.54:097][653]LogModuleManager: Shutting down and abandoning module WidgetCarousel (607)
[2018.10.02-15.30.54:097][653]LogModuleManager: Shutting down and abandoning module EditorWidgets (604)
[2018.10.02-15.30.54:097][653]LogModuleManager: Shutting down and abandoning module CollectionManager (602)
[2018.10.02-15.30.54:097][653]LogModuleManager: Shutting down and abandoning module HierarchicalLODUtilities (600)
[2018.10.02-15.30.54:097][653]LogModuleManager: Shutting down and abandoning module StatsViewer (598)
[2018.10.02-15.30.54:097][653]LogModuleManager: Shutting down and abandoning module FoliageEdit (596)
[2018.10.02-15.30.54:097][653]LogModuleManager: Shutting down and abandoning module LandscapeEditor (594)
[2018.10.02-15.30.54:097][653]LogModuleManager: Shutting down and abandoning module MeshPaintMode (592)
[2018.10.02-15.30.54:097][653]LogModuleManager: Shutting down and abandoning module SceneDepthPickerMode (590)
[2018.10.02-15.30.54:097][653]LogModuleManager: Shutting down and abandoning module ActorPickerMode (588)
[2018.10.02-15.30.54:097][653]LogModuleManager: Shutting down and abandoning module GeometryMode (586)
[2018.10.02-15.30.54:097][653]LogModuleManager: Shutting down and abandoning module TextureAlignMode (584)
[2018.10.02-15.30.54:097][653]LogModuleManager: Shutting down and abandoning module BspMode (582)
[2018.10.02-15.30.54:097][653]LogModuleManager: Shutting down and abandoning module PIEPreviewDeviceProfileSelector (580)
[2018.10.02-15.30.54:097][653]LogModuleManager: Shutting down and abandoning module SequenceRecorderSections (578)
[2018.10.02-15.30.54:097][653]LogModuleManager: Shutting down and abandoning module AutomationWorker (576)
[2018.10.02-15.30.54:097][653]LogModuleManager: Shutting down and abandoning module AudioCaptureEditor (574)
[2018.10.02-15.30.54:097][653]LogModuleManager: Shutting down and abandoning module SequenceRecorder (573)
[2018.10.02-15.30.54:097][653]LogModuleManager: Shutting down and abandoning module MatineeToLevelSequence (570)
[2018.10.02-15.30.54:097][653]LogModuleManager: Shutting down and abandoning module LevelSequenceEditor (568)
[2018.10.02-15.30.54:097][653]LogModuleManager: Shutting down and abandoning module PlacementMode (567)
[2018.10.02-15.30.54:097][653]LogModuleManager: Shutting down and abandoning module MaterialEditor (566)
[2018.10.02-15.30.54:097][653]LogModuleManager: Shutting down and abandoning module WmfMediaFactory (562)
[2018.10.02-15.30.54:097][653]LogModuleManager: Shutting down and abandoning module WmfMediaEditor (560)
[2018.10.02-15.30.54:097][653]LogModuleManager: Shutting down and abandoning module MediaPlayerEditor (558)
[2018.10.02-15.30.54:097][653]LogModuleManager: Shutting down and abandoning module OpenExrWrapper (556)
[2018.10.02-15.30.54:097][653]LogModuleManager: Shutting down and abandoning module ImgMediaFactory (554)
[2018.10.02-15.30.54:097][653]LogModuleManager: Shutting down and abandoning module ImgMediaEditor (552)
[2018.10.02-15.30.54:097][653]LogModuleManager: Shutting down and abandoning module AvfMediaFactory (550)
[2018.10.02-15.30.54:097][653]LogModuleManager: Shutting down and abandoning module AvfMediaEditor (548)
[2018.10.02-15.30.54:097][653]LogModuleManager: Shutting down and abandoning module AndroidMediaFactory (546)
[2018.10.02-15.30.54:097][653]LogModuleManager: Shutting down and abandoning module AndroidMediaEditor (544)
[2018.10.02-15.30.54:097][653]LogModuleManager: Shutting down and abandoning module MagicLeapCameraPreviewFactory (542)
[2018.10.02-15.30.54:097][653]LogModuleManager: Shutting down and abandoning module MagicLeapMediaFactory (540)
[2018.10.02-15.30.54:097][653]LogModuleManager: Shutting down and abandoning module MagicLeapMediaEditor (538)
[2018.10.02-15.30.54:097][653]LogModuleManager: Shutting down and abandoning module CharacterAI (536)
[2018.10.02-15.30.54:097][653]LogModuleManager: Shutting down and abandoning module SmartSnapping (534)
[2018.10.02-15.30.54:097][653]LogModuleManager: Shutting down and abandoning module SessionServices (532)
[2018.10.02-15.30.54:097][653]LogModuleManager: Shutting down and abandoning module ViewportSnapping (530)
[2018.10.02-15.30.54:097][653]LogModuleManager: Shutting down and abandoning module ViewportInteraction (528)
[2018.10.02-15.30.54:097][653]LogModuleManager: Shutting down and abandoning module ClothPainter (526)
[2018.10.02-15.30.54:097][653]LogModuleManager: Shutting down and abandoning module SkeletalMeshEditor (525)
[2018.10.02-15.30.54:097][653]LogModuleManager: Shutting down and abandoning module LogVisualizer (522)
[2018.10.02-15.30.54:098][653]LogModuleManager: Shutting down and abandoning module IntroTutorials (520)
[2018.10.02-15.30.54:098][653]LogModuleManager: Shutting down and abandoning module GameProjectGeneration (519)
[2018.10.02-15.30.54:098][653]LogModuleManager: Shutting down and abandoning module LuminPlatformEditor (516)
[2018.10.02-15.30.54:098][653]LogModuleManager: Shutting down and abandoning module IOSPlatformEditor (514)
[2018.10.02-15.30.54:098][653]LogModuleManager: Shutting down and abandoning module HTML5PlatformEditor (512)
[2018.10.02-15.30.54:098][653]LogModuleManager: Shutting down and abandoning module AndroidPlatformEditor (510)
[2018.10.02-15.30.54:098][653]LogModuleManager: Shutting down and abandoning module AndroidDeviceDetection (509)
[2018.10.02-15.30.54:259][653]LogModuleManager: Shutting down and abandoning module WindowsPlatformEditor (506)
[2018.10.02-15.30.54:260][653]LogModuleManager: Shutting down and abandoning module LuminRuntimeSettings (504)
[2018.10.02-15.30.54:260][653]LogModuleManager: Shutting down and abandoning module IOSRuntimeSettings (502)
[2018.10.02-15.30.54:260][653]LogModuleManager: Shutting down and abandoning module AndroidRuntimeSettings (500)
[2018.10.02-15.30.54:260][653]LogModuleManager: Shutting down and abandoning module InputBindingEditor (498)
[2018.10.02-15.30.54:260][653]LogModuleManager: Shutting down and abandoning module MergeActors (496)
[2018.10.02-15.30.54:260][653]LogModuleManager: Shutting down and abandoning module LocalizationDashboard (494)
[2018.10.02-15.30.54:260][653]LogModuleManager: Shutting down and abandoning module LocalizationService (493)
[2018.10.02-15.30.54:260][653]LogModuleManager: Shutting down and abandoning module HardwareTargeting (490)
[2018.10.02-15.30.54:260][653]LogModuleManager: Shutting down and abandoning module DeviceProfileEditor (488)
[2018.10.02-15.30.54:260][653]LogModuleManager: Shutting down and abandoning module UndoHistory (486)
[2018.10.02-15.30.54:260][653]LogModuleManager: Shutting down and abandoning module XmlParser (484)
[2018.10.02-15.30.54:260][653]LogModuleManager: Shutting down and abandoning module Blutility (482)
[2018.10.02-15.30.54:260][653]LogModuleManager: Shutting down and abandoning module ProjectSettingsViewer (480)
[2018.10.02-15.30.54:260][653]LogModuleManager: Shutting down and abandoning module ProjectTargetPlatformEditor (479)
[2018.10.02-15.30.54:260][653]LogModuleManager: Shutting down and abandoning module EditorSettingsViewer (476)
[2018.10.02-15.30.54:260][653]LogModuleManager: Shutting down and abandoning module SettingsEditor (474)
[2018.10.02-15.30.54:260][653]LogModuleManager: Shutting down and abandoning module ProjectLauncher (472)
[2018.10.02-15.30.54:260][653]LogModuleManager: Shutting down and abandoning module SessionFrontend (470)
[2018.10.02-15.30.54:260][653]LogModuleManager: Shutting down and abandoning module ProfilerClient (468)
[2018.10.02-15.30.54:260][653]LogModuleManager: Shutting down and abandoning module DeviceManager (466)
[2018.10.02-15.30.54:260][653]LogModuleManager: Shutting down and abandoning module TargetDeviceServices (465)
[2018.10.02-15.30.54:323][653]LogModuleManager: Shutting down and abandoning module AutomationController (462)
[2018.10.02-15.30.54:323][653]LogModuleManager: Shutting down and abandoning module AutomationWindow (460)
[2018.10.02-15.30.54:323][653]LogModuleManager: Shutting down and abandoning module Layers (458)
[2018.10.02-15.30.54:323][653]LogModuleManager: Shutting down and abandoning module ComponentVisualizers (456)
[2018.10.02-15.30.54:323][653]LogModuleManager: Shutting down and abandoning module DetailCustomizations (454)
[2018.10.02-15.30.54:323][653]LogModuleManager: Shutting down and abandoning module PackagesDialog (452)
[2018.10.02-15.30.54:323][653]LogModuleManager: Shutting down and abandoning module Persona (450)
[2018.10.02-15.30.54:323][653]LogModuleManager: Shutting down and abandoning module AdvancedPreviewScene (449)
[2018.10.02-15.30.54:323][653]LogModuleManager: Shutting down and abandoning module AnimGraph (447)
[2018.10.02-15.30.54:324][653]LogModuleManager: Shutting down and abandoning module Kismet (444)
[2018.10.02-15.30.54:324][653]LogModuleManager: Shutting down and abandoning module GraphEditor (442)
[2018.10.02-15.30.54:324][653]LogModuleManager: Shutting down and abandoning module ClassViewer (440)
[2018.10.02-15.30.54:324][653]LogModuleManager: Shutting down and abandoning module Toolbox (438)
[2018.10.02-15.30.54:324][653]LogModuleManager: Shutting down and abandoning module ModuleUI (436)
[2018.10.02-15.30.54:324][653]LogModuleManager: Shutting down and abandoning module MovieSceneTools (434)
[2018.10.02-15.30.54:324][653]LogModuleManager: Shutting down and abandoning module OutputLog (432)
[2018.10.02-15.30.54:324][653]LogModuleManager: Shutting down and abandoning module GammaUI (430)
[2018.10.02-15.30.54:324][653]LogModuleManager: Shutting down and abandoning module Documentation (428)
[2018.10.02-15.30.54:325][653]LogModuleManager: Shutting down and abandoning module MovieSceneTracks (426)
[2018.10.02-15.30.54:325][653]LogModuleManager: Shutting down and abandoning module MovieScene (424)
[2018.10.02-15.30.54:325][653]LogModuleManager: Shutting down and abandoning module StreamingPauseRendering (422)
[2018.10.02-15.30.54:325][653]LogModuleManager: Shutting down and abandoning module LauncherPlatform (420)
[2018.10.02-15.30.54:325][653]LogModuleManager: Shutting down and abandoning module AnalyticsET (418)
[2018.10.02-15.30.54:325][653]LogModuleManager: Shutting down and abandoning module PortalServices (416)
[2018.10.02-15.30.54:325][653]LogModuleManager: Shutting down and abandoning module PortalRpc (414)
[2018.10.02-15.30.54:325][653]LogModuleManager: Shutting down and abandoning module MessagingRpc (412)
[2018.10.02-15.30.54:325][653]LogModuleManager: Shutting down and abandoning module AIModule (410)
[2018.10.02-15.30.54:325][653]LogModuleManager: Shutting down and abandoning module GameplayDebugger (409)
[2018.10.02-15.30.54:325][653]LogModuleManager: Shutting down and abandoning module AITestSuite (407)
[2018.10.02-15.30.54:325][653]LogModuleManager: Shutting down and abandoning module NavigationSystem (405)
[2018.10.02-15.30.54:325][653]LogModuleManager: Shutting down and abandoning module DesktopPlatform (402)
[2018.10.02-15.30.54:325][653]LogModuleManager: Shutting down and abandoning module ProfilerService (400)
[2018.10.02-15.30.54:387][653]LogModuleManager: Shutting down and abandoning module TaskGraph (398)
[2018.10.02-15.30.54:388][653]LogModuleManager: Shutting down and abandoning module SteamVRController (396)
[2018.10.02-15.30.54:388][653]LogModuleManager: Shutting down and abandoning module ProceduralMeshComponentEditor (394)
[2018.10.02-15.30.54:388][653]LogModuleManager: Shutting down and abandoning module ProceduralMeshComponent (392)
[2018.10.02-15.30.54:388][653]LogModuleManager: Shutting down and abandoning module OculusInput (390)
[2018.10.02-15.30.54:388][653]LogModuleManager: Shutting down and abandoning module MobilePatchingUtils (388)
[2018.10.02-15.30.54:388][653]LogModuleManager: Shutting down and abandoning module EditableMesh (386)
[2018.10.02-15.30.54:388][653]LogModuleManager: Shutting down and abandoning module CustomMeshComponent (384)
[2018.10.02-15.30.54:388][653]LogModuleManager: Shutting down and abandoning module CableComponent (382)
[2018.10.02-15.30.54:388][653]LogModuleManager: Shutting down and abandoning module AudioCapture (380)
[2018.10.02-15.30.54:388][653]LogModuleManager: Shutting down and abandoning module ArchVisCharacter (378)
[2018.10.02-15.30.54:388][653]LogModuleManager: Shutting down and abandoning module AndroidPermission (376)
[2018.10.02-15.30.54:388][653]LogModuleManager: Shutting down and abandoning module NUTUnrealEngine4 (374)
[2018.10.02-15.30.54:388][653]LogModuleManager: Shutting down and abandoning module NetcodeUnitTest (372)
[2018.10.02-15.30.54:389][653]LogModuleManager: Shutting down and abandoning module MediaCompositingEditor (370)
[2018.10.02-15.30.54:389][653]LogModuleManager: Shutting down and abandoning module MediaCompositing (368)
[2018.10.02-15.30.54:389][653]LogModuleManager: Shutting down and abandoning module LinearTimecode (366)
[2018.10.02-15.30.54:389][653]LogModuleManager: Shutting down and abandoning module ImgMedia (364)
[2018.10.02-15.30.54:398][653]LogModuleManager: Shutting down and abandoning module HTML5Networking (362)
[2018.10.02-15.30.54:398][653]LogModuleManager: Shutting down and abandoning module GeometryCacheTracks (360)
[2018.10.02-15.30.54:398][653]LogModuleManager: Shutting down and abandoning module GeometryCacheSequencer (358)
[2018.10.02-15.30.54:398][653]LogModuleManager: Shutting down and abandoning module BackChannel (356)
[2018.10.02-15.30.54:398][653]LogModuleManager: Shutting down and abandoning module AppleVision (354)
[2018.10.02-15.30.54:398][653]LogModuleManager: Shutting down and abandoning module AppleImageUtils (352)
[2018.10.02-15.30.54:399][653]LogModuleManager: Shutting down and abandoning module AlembicImporter (350)
[2018.10.02-15.30.54:399][653]LogModuleManager: Shutting down and abandoning module AlembicLibrary (349)
[2018.10.02-15.30.54:399][653]LogModuleManager: Shutting down and abandoning module GeometryCache (348)
[2018.10.02-15.30.54:399][653]LogModuleManager: Shutting down and abandoning module GeometryCacheEd (347)
[2018.10.02-15.30.54:399][653]LogModuleManager: Shutting down and abandoning module DatasmithContentEditor (342)
[2018.10.02-15.30.54:399][653]LogModuleManager: Shutting down and abandoning module DatasmithContent (340)
[2018.10.02-15.30.54:401][653]LogModuleManager: Shutting down and abandoning module SpeedTreeImporter (338)
[2018.10.02-15.30.54:401][653]LogModuleManager: Shutting down and abandoning module PluginBrowser (336)
[2018.10.02-15.30.54:401][653]LogModuleManager: Shutting down and abandoning module MobileLauncherProfileWizard (334)
[2018.10.02-15.30.54:401][653]LogModuleManager: Shutting down and abandoning module PolygonModeling (332)
[2018.10.02-15.30.54:401][653]LogModuleManager: Shutting down and abandoning module MeshEditor (330)
[2018.10.02-15.30.54:401][653]LogModuleManager: Shutting down and abandoning module CryptoKeysOpenSSL (328)
[2018.10.02-15.30.54:402][653]LogModuleManager: Shutting down and abandoning module CryptoKeys (326)
[2018.10.02-15.30.54:402][653]LogModuleManager: Shutting down and abandoning module VisualStudioSourceCodeAccess (324)
[2018.10.02-15.30.54:402][653]LogModuleManager: Shutting down and abandoning module VisualStudioCodeSourceCodeAccess (322)
[2018.10.02-15.30.54:402][653]LogModuleManager: Shutting down and abandoning module UObjectPlugin (320)
[2018.10.02-15.30.54:402][653]LogModuleManager: Shutting down and abandoning module SubversionSourceControl (318)
[2018.10.02-15.30.54:402][653]LogModuleManager: Shutting down and abandoning module PerforceSourceControl (316)
[2018.10.02-15.30.54:402][653]LogModuleManager: Shutting down and abandoning module GitSourceControl (314)
[2018.10.02-15.30.54:402][653]LogModuleManager: Shutting down and abandoning module SourceControl (313)
[2018.10.02-15.30.54:402][653]LogModuleManager: Shutting down and abandoning module CLionSourceCodeAccess (310)
[2018.10.02-15.30.54:402][653]LogModuleManager: Shutting down and abandoning module LightPropagationVolumeEditor (308)
[2018.10.02-15.30.54:402][653]LogModuleManager: Shutting down and abandoning module PaperTiledImporter (306)
[2018.10.02-15.30.54:403][653]LogModuleManager: Shutting down and abandoning module PaperSpriteSheetImporter (304)
[2018.10.02-15.30.54:403][653]LogModuleManager: Shutting down and abandoning module Paper2DEditor (302)
[2018.10.02-15.30.54:403][653]LogModuleManager: Shutting down and abandoning module MeshPaint (301)
[2018.10.02-15.30.54:403][653]LogModuleManager: Shutting down and abandoning module RuntimePhysXCooking (298)
[2018.10.02-15.30.54:403][653]LogModuleManager: Shutting down and abandoning module PhysXVehiclesEditor (296)
[2018.10.02-15.30.54:403][653]LogModuleManager: Shutting down and abandoning module PhysXVehicles (294)
[2018.10.02-15.30.54:403][653]LogModuleManager: Shutting down and abandoning module OculusEditor (292)
[2018.10.02-15.30.54:403][653]LogModuleManager: Shutting down and abandoning module LocationServicesBPLibrary (290)
[2018.10.02-15.30.54:403][653]LogModuleManager: Shutting down and abandoning module ImmediatePhysicsEditor (288)
[2018.10.02-15.30.54:403][653]LogModuleManager: Shutting down and abandoning module ImmediatePhysics (286)
[2018.10.02-15.30.54:403][653]LogModuleManager: Shutting down and abandoning module ActorSequence (284)
[2018.10.02-15.30.54:403][653]LogModuleManager: Shutting down and abandoning module UdpMessaging (282)
[2018.10.02-15.30.54:504][653]LogModuleManager: Shutting down and abandoning module TcpMessaging (280)
[2018.10.02-15.30.54:605][653]LogModuleManager: Shutting down and abandoning module MagicLeapAudio (278)
[2018.10.02-15.30.54:605][653]LogModuleManager: Shutting down and abandoning module GameplayTagsEditor (276)
[2018.10.02-15.30.54:605][653]LogModuleManager: Shutting down and abandoning module FacialAnimationEditor (274)
[2018.10.02-15.30.54:605][653]LogModuleManager: Shutting down and abandoning module FacialAnimation (272)
[2018.10.02-15.30.54:605][653]LogModuleManager: Shutting down and abandoning module DataValidation (270)
[2018.10.02-15.30.54:605][653]LogModuleManager: Shutting down and abandoning module AssetManagerEditor (268)
[2018.10.02-15.30.54:605][653]LogModuleManager: Shutting down and abandoning module LevelEditor (267)
[2018.10.02-15.30.54:607][653]LogModuleManager: Shutting down and abandoning module PixelInspectorModule (266)
[2018.10.02-15.30.54:607][653]LogModuleManager: Shutting down and abandoning module CommonMenuExtensions (264)
[2018.10.02-15.30.54:608][653]LogModuleManager: Shutting down and abandoning module MainFrame (262)
[2018.10.02-15.30.54:608][653]LogModuleManager: Shutting down and abandoning module HotReload (261)
[2018.10.02-15.30.54:610][653]LogModuleManager: Shutting down and abandoning module ContentBrowser (257)
[2018.10.02-15.30.54:612][653]LogModuleManager: Shutting down and abandoning module TreeMap (255)
[2018.10.02-15.30.54:612][653]LogModuleManager: Shutting down and abandoning module LightPropagationVolumeRuntime (252)
[2018.10.02-15.30.54:612][653]LogModuleManager: Shutting down and abandoning module AISupportModule (250)
[2018.10.02-15.30.54:612][653]LogModuleManager: Shutting down and abandoning module Paper2D (248)
[2018.10.02-15.30.54:612][653]LogModuleManager: Shutting down and abandoning module WindowsMoviePlayer (246)
[2018.10.02-15.30.54:612][653]LogModuleManager: Shutting down and abandoning module WmfMedia (244)
[2018.10.02-15.30.54:613][653]LogModuleManager: Shutting down and abandoning module Media (243)
[2018.10.02-15.30.54:619][653]LogModuleManager: Shutting down and abandoning module PacketHandler (240)
[2018.10.02-15.30.54:619][653]LogModuleManager: Shutting down and abandoning module ClothingSystemEditor (238)
[2018.10.02-15.30.54:619][653]LogModuleManager: Shutting down and abandoning module ClothingSystemRuntime (236)
[2018.10.02-15.30.54:619][653]LogModuleManager: Shutting down and abandoning module MediaAssets (234)
[2018.10.02-15.30.54:619][653]LogModuleManager: Shutting down and abandoning module Overlay (232)
[2018.10.02-15.30.54:619][653]LogModuleManager: Shutting down and abandoning module OverlayEditor (231)
[2018.10.02-15.30.54:619][653]LogModuleManager: Shutting down and abandoning module VREditor (228)
[2018.10.02-15.30.54:619][653]LogModuleManager: Shutting down and abandoning module StringTableEditor (226)
[2018.10.02-15.30.54:619][653]LogModuleManager: Shutting down and abandoning module GameplayTasksEditor (224)
[2018.10.02-15.30.54:619][653]LogModuleManager: Shutting down and abandoning module BehaviorTreeEditor (222)
[2018.10.02-15.30.54:619][653]LogModuleManager: Shutting down and abandoning module FunctionalTesting (220)
[2018.10.02-15.30.54:619][653]LogModuleManager: Shutting down and abandoning module CollisionAnalyzer (218)
[2018.10.02-15.30.54:619][653]LogModuleManager: Shutting down and abandoning module WorkspaceMenuStructure (217)
[2018.10.02-15.30.54:619][653]LogModuleManager: Shutting down and abandoning module UMG (214)
[2018.10.02-15.30.54:619][653]LogModuleManager: Shutting down and abandoning module UMGEditor (213)
[2018.10.02-15.30.54:619][653]LogModuleManager: Shutting down and abandoning module Sequencer (212)
[2018.10.02-15.30.54:619][653]LogModuleManager: Shutting down and abandoning module MessageLog (209)
[2018.10.02-15.30.54:619][653]LogModuleManager: Shutting down and abandoning module SlateReflector (204)
[2018.10.02-15.30.54:619][653]LogModuleManager: Shutting down and abandoning module Slate (202)
[2018.10.02-15.30.54:619][653]LogModuleManager: Shutting down and abandoning module EditorStyle (200)
[2018.10.02-15.30.54:621][653]LogModuleManager: Shutting down and abandoning module MRMesh (198)
[2018.10.02-15.30.54:621][653]LogModuleManager: Shutting down and abandoning module SourceCodeAccess (196)
[2018.10.02-15.30.54:621][653]LogModuleManager: Shutting down and abandoning module HeadMountedDisplay (194)
[2018.10.02-15.30.54:621][653]LogModuleManager: Shutting down and abandoning module XAudio2 (192)
[2018.10.02-15.30.54:621][653]LogModuleManager: Shutting down and abandoning module Networking (190)
[2018.10.02-15.30.54:621][653]LogModuleManager: Shutting down and abandoning module Core (188)
[2018.10.02-15.30.54:621][653]LogModuleManager: Shutting down and abandoning module LevelSequence (186)
[2018.10.02-15.30.54:621][653]LogModuleManager: Shutting down and abandoning module KismetCompiler (184)
[2018.10.02-15.30.54:621][653]LogModuleManager: Shutting down and abandoning module MeshUtilities (182)
[2018.10.02-15.30.54:621][653]LogModuleManager: Shutting down and abandoning module MeshMergeUtilities (181)
[2018.10.02-15.30.54:621][653]LogModuleManager: Shutting down and abandoning module MeshReductionInterface (180)
[2018.10.02-15.30.54:621][653]LogModuleManager: Shutting down and abandoning module SimplygonSwarm (179)
[2018.10.02-15.30.54:621][653]LogModuleManager: Shutting down and abandoning module ProxyLODMeshReduction (177)
[2018.10.02-15.30.54:621][653]LogModuleManager: Shutting down and abandoning module SimplygonMeshReduction (175)
[2018.10.02-15.30.54:621][653]LogModuleManager: Shutting down and abandoning module QuadricMeshReduction (173)
[2018.10.02-15.30.54:621][653]LogModuleManager: Shutting down and abandoning module MaterialBaking (169)
[2018.10.02-15.30.54:621][653]LogModuleManager: Shutting down and abandoning module DirectoryWatcher (165)
[2018.10.02-15.30.54:621][653]LogModuleManager: Shutting down and abandoning module DerivedDataCache (162)
[2018.10.02-15.30.54:745][653]LogDerivedDataCache: Shutdown
[2018.10.02-15.30.54:746][653]LogModuleManager: Shutting down and abandoning module XGEController (160)
[2018.10.02-15.30.54:746][653]LogXGEController: Cleaning working directory: C:/Users/Richard/AppData/Local/Temp/UnrealXGEWorkingDir/
[2018.10.02-15.30.54:746][653]LogModuleManager: Shutting down and abandoning module TargetPlatform (158)
[2018.10.02-15.30.54:746][653]LogModuleManager: Shutting down and abandoning module VulkanShaderFormat (157)
[2018.10.02-15.30.54:746][653]LogModuleManager: Shutting down and abandoning module ShaderFormatVectorVM (155)
[2018.10.02-15.30.54:747][653]LogModuleManager: Shutting down and abandoning module ShaderFormatOpenGL (153)
[2018.10.02-15.30.54:747][653]LogModuleManager: Shutting down and abandoning module ShaderFormatD3D (151)
[2018.10.02-15.30.54:747][653]LogModuleManager: Shutting down and abandoning module MetalShaderFormat (149)
[2018.10.02-15.30.54:747][653]LogModuleManager: Shutting down and abandoning module TextureFormatUncompressed (147)
[2018.10.02-15.30.54:747][653]LogModuleManager: Shutting down and abandoning module TextureFormatPVR (145)
[2018.10.02-15.30.54:747][653]LogModuleManager: Shutting down and abandoning module TextureFormatDXT (143)
[2018.10.02-15.30.54:747][653]LogModuleManager: Shutting down and abandoning module TextureFormatIntelISPCTexComp (141)
[2018.10.02-15.30.54:747][653]LogModuleManager: Shutting down and abandoning module TextureFormatASTC (139)
[2018.10.02-15.30.54:747][653]LogModuleManager: Shutting down and abandoning module ImageWrapper (138)
[2018.10.02-15.30.54:747][653]LogModuleManager: Shutting down and abandoning module TextureFormatAndroid (135)
[2018.10.02-15.30.54:747][653]LogModuleManager: Shutting down and abandoning module AudioFormatOpus (133)
[2018.10.02-15.30.54:748][653]LogModuleManager: Shutting down and abandoning module AudioFormatOgg (131)
[2018.10.02-15.30.54:748][653]LogModuleManager: Shutting down and abandoning module AudioFormatADPCM (129)
[2018.10.02-15.30.54:748][653]LogModuleManager: Shutting down and abandoning module LuminTargetPlatform (127)
[2018.10.02-15.30.54:748][653]LogModuleManager: Shutting down and abandoning module LinuxTargetPlatform (125)
[2018.10.02-15.30.54:748][653]LogModuleManager: Shutting down and abandoning module LinuxServerTargetPlatform (123)
[2018.10.02-15.30.54:748][653]LogModuleManager: Shutting down and abandoning module LinuxNoEditorTargetPlatform (121)
[2018.10.02-15.30.54:748][653]LogModuleManager: Shutting down and abandoning module LinuxClientTargetPlatform (119)
[2018.10.02-15.30.54:748][653]LogModuleManager: Shutting down and abandoning module TVOSTargetPlatform (117)
[2018.10.02-15.30.54:750][653]LogModuleManager: Shutting down and abandoning module Messaging (115)
[2018.10.02-15.30.54:750][653]LogModuleManager: Shutting down and abandoning module IOSTargetPlatform (113)
[2018.10.02-15.30.54:752][653]LogModuleManager: Shutting down and abandoning module HTML5TargetPlatform (111)
[2018.10.02-15.30.54:752][653]LogModuleManager: Shutting down and abandoning module AndroidTargetPlatform (109)
[2018.10.02-15.30.54:769][653]LogModuleManager: Shutting down and abandoning module WindowsTargetPlatform (107)
[2018.10.02-15.30.54:769][653]LogModuleManager: Shutting down and abandoning module WindowsServerTargetPlatform (105)
[2018.10.02-15.30.54:769][653]LogModuleManager: Shutting down and abandoning module WindowsNoEditorTargetPlatform (103)
[2018.10.02-15.30.54:769][653]LogModuleManager: Shutting down and abandoning module WindowsClientTargetPlatform (101)
[2018.10.02-15.30.54:769][653]LogModuleManager: Shutting down and abandoning module MacTargetPlatform (99)
[2018.10.02-15.30.54:769][653]LogModuleManager: Shutting down and abandoning module MacServerTargetPlatform (97)
[2018.10.02-15.30.54:769][653]LogModuleManager: Shutting down and abandoning module MacNoEditorTargetPlatform (95)
[2018.10.02-15.30.54:769][653]LogModuleManager: Shutting down and abandoning module MacClientTargetPlatform (93)
[2018.10.02-15.30.54:769][653]LogModuleManager: Shutting down and abandoning module AllDesktopTargetPlatform (91)
[2018.10.02-15.30.54:769][653]LogModuleManager: Shutting down and abandoning module InputCore (88)
[2018.10.02-15.30.54:769][653]LogModuleManager: Shutting down and abandoning module Settings (86)
[2018.10.02-15.30.54:769][653]LogModuleManager: Shutting down and abandoning module PhysXCooking (84)
[2018.10.02-15.30.54:769][653]LogModuleManager: Shutting down and abandoning module SteamVR (82)
[2018.10.02-15.30.54:770][653]LogModuleManager: Shutting down and abandoning module OculusHMD (80)
[2018.10.02-15.30.54:770][653]LogModuleManager: Shutting down and abandoning module ExampleDeviceProfileSelector (78)
[2018.10.02-15.30.54:770][653]LogModuleManager: Shutting down and abandoning module LauncherChunkInstaller (76)
[2018.10.02-15.30.54:770][653]LogModuleManager: Shutting down and abandoning module OnlineBlueprintSupport (74)
[2018.10.02-15.30.54:770][653]LogModuleManager: Shutting down and abandoning module OnlineSubsystem (70)
[2018.10.02-15.30.54:771][653]LogModuleManager: Shutting down and abandoning module XMPP (65)
[2018.10.02-15.30.54:771][653]LogModuleManager: Shutting down and abandoning module WebSockets (64)
[2018.10.02-15.30.54:776][653]LogModuleManager: Shutting down and abandoning module HTTP (61)
[2018.10.02-15.30.54:776][653]LogHttp: Display: Http module shutting down, but needs to wait on 1 outstanding Http requests:
[2018.10.02-15.30.54:776][653]LogHttp: Display: 	verb=[POST] url=[https://datarouter.ol.epicgames.com/datarouter/api/v1/public/data?SessionID=%7B1E10259A-4C02-0D2E-DB11-A0ACDA3AC325%7D&AppID=UEEditor.Rocket.Release&AppVersion=4.20.3-4369336%2B%2B%2BUE4%2BRelease-4.20&UserID=d01b3c9049fc9e807ddfa7a2b1050dda%7Cf6cd955025a44735bd05043db5f4d555%7Cf80596c5-def5-48a9-9763-09b107ae01d8&AppEnvironment=datacollector-binary&UploadType=eteventstream] status=Processing
[2018.10.02-15.30.54:798][653]LogModuleManager: Shutting down and abandoning module SSL (60)
[2018.10.02-15.30.54:799][653]LogModuleManager: Shutting down and abandoning module MagicLeapEmulator (56)
[2018.10.02-15.30.54:799][653]LogModuleManager: Shutting down and abandoning module MagicLeapPrivileges (54)
[2018.10.02-15.30.54:799][653]LogModuleManager: Shutting down and abandoning module MagicLeapIdentity (52)
[2018.10.02-15.30.54:799][653]LogModuleManager: Shutting down and abandoning module MagicLeapHelperVulkan (50)
[2018.10.02-15.30.54:799][653]LogModuleManager: Shutting down and abandoning module MagicLeapHelperOpenGL (48)
[2018.10.02-15.30.54:799][653]LogModuleManager: Shutting down and abandoning module MagicLeapSecureStorage (46)
[2018.10.02-15.30.54:799][653]LogModuleManager: Shutting down and abandoning module MagicLeapGestures (44)
[2018.10.02-15.30.54:799][653]LogModuleManager: Shutting down and abandoning module MagicLeapEyeTracker (42)
[2018.10.02-15.30.54:799][653]LogModuleManager: Shutting down and abandoning module MagicLeapController (40)
[2018.10.02-15.30.54:799][653]LogSlate: Slate User Destroyed.  User Index 0, Is Virtual User: 0
[2018.10.02-15.30.54:799][653]LogModuleManager: Shutting down and abandoning module MagicLeap (38)
[2018.10.02-15.30.54:799][653]LogModuleManager: Shutting down and abandoning module AnimationModifiers (36)
[2018.10.02-15.30.54:799][653]LogModuleManager: Shutting down and abandoning module PropertyEditor (35)
[2018.10.02-15.30.54:799][653]LogModuleManager: Shutting down and abandoning module AudioEditor (32)
[2018.10.02-15.30.54:799][653]LogModuleManager: Shutting down and abandoning module TextureCompressor (30)
[2018.10.02-15.30.54:799][653]LogModuleManager: Shutting down and abandoning module ShaderCore (28)
[2018.10.02-15.30.54:799][653]LogModuleManager: Shutting down and abandoning module Landscape (26)
[2018.10.02-15.30.54:799][653]LogModuleManager: Shutting down and abandoning module SlateRHIRenderer (24)
[2018.10.02-15.30.54:800][653]LogModuleManager: Shutting down and abandoning module OpenGLDrv (22)
[2018.10.02-15.30.54:800][653]LogModuleManager: Shutting down and abandoning module D3D11RHI (20)
[2018.10.02-15.30.54:800][653]LogModuleManager: Shutting down and abandoning module AnimGraphRuntime (18)
[2018.10.02-15.30.54:800][653]LogModuleManager: Shutting down and abandoning module Renderer (16)
[2018.10.02-15.30.54:800][653]LogModuleManager: Shutting down and abandoning module Engine (14)
[2018.10.02-15.30.54:800][653]LogModuleManager: Shutting down and abandoning module CoreUObject (12)
[2018.10.02-15.30.54:800][653]LogModuleManager: Shutting down and abandoning module NetworkFile (10)
[2018.10.02-15.30.54:800][653]LogModuleManager: Shutting down and abandoning module CookedIterativeFile (8)
[2018.10.02-15.30.54:800][653]LogModuleManager: Shutting down and abandoning module StreamingFile (6)
[2018.10.02-15.30.54:800][653]LogModuleManager: Shutting down and abandoning module SandboxFile (4)
[2018.10.02-15.30.54:800][653]LogModuleManager: Shutting down and abandoning module PakFile (2)
[2018.10.02-15.30.54:803][653]LogExit: Exiting.
[2018.10.02-15.30.54:810][653]Log file closed, 10/02/18 09:30:54
